<?xml version="1.0" encoding="UTF-8"?>
<!-- Generated by org.testng.reporters.JUnitReportReporter -->
<testsuite hostname="MBP-RAM.local" failures="0" tests="1" name="WebElements.UsingID" time="44.803" errors="0" timestamp="2022-07-20T20:43:07 AST" skipped="0">
  <testcase classname="WebElements.UsingID" name="chromePage" time="44.803"/>
  <system-out/>
</testsuite> <!-- WebElements.UsingID -->
